mode: set
github.com/katiem0/gh-collaborators/cmd/add/add.go:26.33,35.58 3 1
github.com/katiem0/gh-collaborators/cmd/add/add.go:35.58,41.22 4 0
github.com/katiem0/gh-collaborators/cmd/add/add.go:41.22,45.5 3 0
github.com/katiem0/gh-collaborators/cmd/add/add.go:47.4,47.28 1 0
github.com/katiem0/gh-collaborators/cmd/add/add.go:47.28,49.5 1 0
github.com/katiem0/gh-collaborators/cmd/add/add.go:49.10,52.5 2 0
github.com/katiem0/gh-collaborators/cmd/add/add.go:54.4,62.18 2 0
github.com/katiem0/gh-collaborators/cmd/add/add.go:62.18,65.5 2 0
github.com/katiem0/gh-collaborators/cmd/add/add.go:67.4,75.18 2 0
github.com/katiem0/gh-collaborators/cmd/add/add.go:75.18,78.5 2 0
github.com/katiem0/gh-collaborators/cmd/add/add.go:80.4,82.81 2 0
github.com/katiem0/gh-collaborators/cmd/add/add.go:88.2,93.16 6 1
github.com/katiem0/gh-collaborators/cmd/add/add.go:93.16,95.3 1 0
github.com/katiem0/gh-collaborators/cmd/add/add.go:97.2,97.15 1 1
github.com/katiem0/gh-collaborators/cmd/add/add.go:100.76,104.32 3 0
github.com/katiem0/gh-collaborators/cmd/add/add.go:104.32,107.17 3 0
github.com/katiem0/gh-collaborators/cmd/add/add.go:107.17,109.4 1 0
github.com/katiem0/gh-collaborators/cmd/add/add.go:110.3,110.16 1 0
github.com/katiem0/gh-collaborators/cmd/add/add.go:110.16,112.23 2 0
github.com/katiem0/gh-collaborators/cmd/add/add.go:112.23,114.5 1 0
github.com/katiem0/gh-collaborators/cmd/add/add.go:117.3,120.17 4 0
github.com/katiem0/gh-collaborators/cmd/add/add.go:120.17,122.4 1 0
github.com/katiem0/gh-collaborators/cmd/add/add.go:123.3,123.67 1 0
github.com/katiem0/gh-collaborators/cmd/add/add.go:124.8,126.3 1 0
github.com/katiem0/gh-collaborators/cmd/add/add.go:127.2,128.56 2 0
github.com/katiem0/gh-collaborators/cmd/add/add.go:128.56,133.17 4 0
github.com/katiem0/gh-collaborators/cmd/add/add.go:133.17,135.4 1 0
github.com/katiem0/gh-collaborators/cmd/add/add.go:136.3,140.17 4 0
github.com/katiem0/gh-collaborators/cmd/add/add.go:140.17,142.4 1 0
github.com/katiem0/gh-collaborators/cmd/add/add.go:145.2,146.12 2 0
